<?xml version="1.0" encoding="UTF-8"?>
<!-- Generated by org.testng.reporters.JUnitReportReporter -->
<testsuite hostname="LAIMUMLT9002" failures="0" tests="3" name="com.qa.tests.AddBookTest" time="4.683" errors="0" timestamp="2024-02-21T13:15:43 IST" skipped="0">
  <testcase classname="com.qa.tests.AddBookTest" name="postAddBook" time="4.086"/>
  <testcase classname="com.qa.tests.AddBookTest" name="getBook" time="0.467"/>
  <testcase classname="com.qa.tests.AddBookTest" name="deleteBook" time="0.130"/>
</testsuite> <!-- com.qa.tests.AddBookTest -->
