<?xml version="1.0" encoding="UTF-8"?>
<!-- Generated by org.testng.reporters.JUnitReportReporter -->
<testsuite hostname="LAIMUMLT9002" failures="0" tests="3" name="com.qa.tests.BookAPIWithReqSpecPojoTest" time="4.030" errors="0" timestamp="2024-02-22T10:40:53 IST" skipped="0">
  <testcase classname="com.qa.tests.BookAPIWithReqSpecPojoTest" name="addBook" time="3.692"/>
  <testcase classname="com.qa.tests.BookAPIWithReqSpecPojoTest" name="getBook" time="0.173"/>
  <testcase classname="com.qa.tests.BookAPIWithReqSpecPojoTest" name="deleteBook" time="0.165"/>
</testsuite> <!-- com.qa.tests.BookAPIWithReqSpecPojoTest -->
