<?xml version="1.0" encoding="UTF-8"?>
<!-- Generated by org.testng.reporters.JUnitReportReporter -->
<testsuite hostname="LAIMUMLT9002" failures="0" tests="3" name="com.qa.tests.BookAPITest" time="5.620" errors="0" timestamp="2024-02-22T12:37:35 IST" skipped="0">
  <testcase classname="com.qa.tests.BookAPITest" name="postAddBook" time="5.203"/>
  <testcase classname="com.qa.tests.BookAPITest" name="getBook" time="0.239"/>
  <testcase classname="com.qa.tests.BookAPITest" name="deleteBook" time="0.178"/>
</testsuite> <!-- com.qa.tests.BookAPITest -->
