<?xml version="1.0" encoding="UTF-8"?>
<!-- Generated by org.testng.reporters.JUnitReportReporter -->
<testsuite hostname="LAIMUMLT9002" failures="0" tests="3" name="com.qa.tests.AddBookWithMethodTest" time="4.406" errors="0" timestamp="2024-02-21T13:35:44 IST" skipped="0">
  <testcase classname="com.qa.tests.AddBookWithMethodTest" name="postAddBook" time="4.060"/>
  <testcase classname="com.qa.tests.AddBookWithMethodTest" name="getBook" time="0.207"/>
  <testcase classname="com.qa.tests.AddBookWithMethodTest" name="deleteBook" time="0.139"/>
</testsuite> <!-- com.qa.tests.AddBookWithMethodTest -->
